# JRE version: OpenJDK Runtime Environment (8.0_242) (build 1.8.0_242-release-1644-b3-6222593)
# Java VM: OpenJDK 64-Bit Server VM (25.242-b3-6222593 mixed mode linux-amd64 compressed oops)
Heap:
 PSYoungGen      total 656896K, used 34249K [0x00000000d5580000, 0x0000000100000000, 0x0000000100000000)
  eden space 614400K, 5% used [0x00000000d5580000,0x00000000d76f2530,0x00000000fad80000)
  from space 42496K, 0% used [0x00000000fd680000,0x00000000fd680000,0x0000000100000000)
  to   space 41984K, 0% used [0x00000000fad80000,0x00000000fad80000,0x00000000fd680000)
 ParOldGen       total 194560K, used 94257K [0x0000000080000000, 0x000000008be00000, 0x00000000d5580000)
  object space 194560K, 48% used [0x0000000080000000,0x0000000085c0c4e8,0x000000008be00000)
 Metaspace       used 95670K, capacity 99736K, committed 100120K, reserved 1136640K
  class space    used 12668K, capacity 13474K, committed 13600K, reserved 1048576K
GC Heap History (10 events):
Event: 20,360 GC heap before
{Heap before GC invocations=12 (full 3):
 PSYoungGen      total 430592K, used 19965K [0x00000000d5580000, 0x00000000fa600000, 0x0000000100000000)
  eden space 410624K, 0% used [0x00000000d5580000,0x00000000d5580000,0x00000000ee680000)
  from space 19968K, 99% used [0x00000000ee680000,0x00000000ef9ff5b0,0x00000000efa00000)
  to   space 25088K, 0% used [0x00000000f8d80000,0x00000000f8d80000,0x00000000fa600000)
 ParOldGen       total 69120K, used 25894K [0x0000000080000000, 0x0000000084380000, 0x00000000d5580000)
  object space 69120K, 37% used [0x0000000080000000,0x0000000081949870,0x0000000084380000)
 Metaspace       used 56876K, capacity 59074K, committed 59160K, reserved 1099776K
  class space    used 7700K, capacity 8150K, committed 8224K, reserved 1048576K
Event: 20,489 GC heap after
Heap after GC invocations=12 (full 3):
 PSYoungGen      total 430592K, used 0K [0x00000000d5580000, 0x00000000fa600000, 0x0000000100000000)
  eden space 410624K, 0% used [0x00000000d5580000,0x00000000d5580000,0x00000000ee680000)
  from space 19968K, 0% used [0x00000000ee680000,0x00000000ee680000,0x00000000efa00000)
  to   space 25088K, 0% used [0x00000000f8d80000,0x00000000f8d80000,0x00000000fa600000)
 ParOldGen       total 103936K, used 37794K [0x0000000080000000, 0x0000000086580000, 0x00000000d5580000)
  object space 103936K, 36% used [0x0000000080000000,0x00000000824e8a10,0x0000000086580000)
 Metaspace       used 56864K, capacity 59032K, committed 59160K, reserved 1099776K
  class space    used 7696K, capacity 8143K, committed 8224K, reserved 1048576K
}
Event: 45,543 GC heap before
{Heap before GC invocations=13 (full 3):
 PSYoungGen      total 430592K, used 410624K [0x00000000d5580000, 0x00000000fa600000, 0x0000000100000000)
  eden space 410624K, 100% used [0x00000000d5580000,0x00000000ee680000,0x00000000ee680000)
  from space 19968K, 0% used [0x00000000ee680000,0x00000000ee680000,0x00000000efa00000)
  to   space 25088K, 0% used [0x00000000f8d80000,0x00000000f8d80000,0x00000000fa600000)
 ParOldGen       total 103936K, used 37794K [0x0000000080000000, 0x0000000086580000, 0x00000000d5580000)
  object space 103936K, 36% used [0x0000000080000000,0x00000000824e8a10,0x0000000086580000)
 Metaspace       used 71657K, capacity 74766K, committed 75032K, reserved 1114112K
  class space    used 9661K, capacity 10248K, committed 10272K, reserved 1048576K
Event: 45,592 GC heap after
Heap after GC invocations=13 (full 3):
 PSYoungGen      total 569856K, used 25066K [0x00000000d5580000, 0x00000000fb900000, 0x0000000100000000)
  eden space 544768K, 0% used [0x00000000d5580000,0x00000000d5580000,0x00000000f6980000)
  from space 25088K, 99% used [0x00000000f8d80000,0x00000000fa5fa830,0x00000000fa600000)
  to   space 36864K, 0% used [0x00000000f6980000,0x00000000f6980000,0x00000000f8d80000)
 ParOldGen       total 103936K, used 60057K [0x0000000080000000, 0x0000000086580000, 0x00000000d5580000)
  object space 103936K, 57% used [0x0000000080000000,0x0000000083aa6658,0x0000000086580000)
 Metaspace       used 71657K, capacity 74766K, committed 75032K, reserved 1114112K
  class space    used 9661K, capacity 10248K, committed 10272K, reserved 1048576K
}
Event: 179,744 GC heap before
{Heap before GC invocations=14 (full 3):
 PSYoungGen      total 569856K, used 569834K [0x00000000d5580000, 0x00000000fb900000, 0x0000000100000000)
  eden space 544768K, 100% used [0x00000000d5580000,0x00000000f6980000,0x00000000f6980000)
  from space 25088K, 99% used [0x00000000f8d80000,0x00000000fa5fa830,0x00000000fa600000)
  to   space 36864K, 0% used [0x00000000f6980000,0x00000000f6980000,0x00000000f8d80000)
 ParOldGen       total 103936K, used 60057K [0x0000000080000000, 0x0000000086580000, 0x00000000d5580000)
  object space 103936K, 57% used [0x0000000080000000,0x0000000083aa6658,0x0000000086580000)
 Metaspace       used 89819K, capacity 93482K, committed 93720K, reserved 1130496K
  class space    used 11869K, capacity 12561K, committed 12576K, reserved 1048576K
Event: 179,856 GC heap after
Heap after GC invocations=14 (full 3):
 PSYoungGen      total 581632K, used 36051K [0x00000000d5580000, 0x0000000100000000, 0x0000000100000000)
  eden space 544768K, 0% used [0x00000000d5580000,0x00000000d5580000,0x00000000f6980000)
  from space 36864K, 97% used [0x00000000f6980000,0x00000000f8cb4ef0,0x00000000f8d80000)
  to   space 42496K, 0% used [0x00000000fd680000,0x00000000fd680000,0x0000000100000000)
 ParOldGen       total 103936K, used 82641K [0x0000000080000000, 0x0000000086580000, 0x00000000d5580000)
  object space 103936K, 79% used [0x0000000080000000,0x00000000850b45b8,0x0000000086580000)
 Metaspace       used 89819K, capacity 93482K, committed 93720K, reserved 1130496K
  class space    used 11869K, capacity 12561K, committed 12576K, reserved 1048576K
}
Event: 217,399 GC heap before
{Heap before GC invocations=15 (full 3):
 PSYoungGen      total 581632K, used 170478K [0x00000000d5580000, 0x0000000100000000, 0x0000000100000000)
  eden space 544768K, 24% used [0x00000000d5580000,0x00000000dd8c6940,0x00000000f6980000)
  from space 36864K, 97% used [0x00000000f6980000,0x00000000f8cb4ef0,0x00000000f8d80000)
  to   space 42496K, 0% used [0x00000000fd680000,0x00000000fd680000,0x0000000100000000)
 ParOldGen       total 103936K, used 82641K [0x0000000080000000, 0x0000000086580000, 0x00000000d5580000)
  object space 103936K, 79% used [0x0000000080000000,0x00000000850b45b8,0x0000000086580000)
 Metaspace       used 94325K, capacity 98472K, committed 98584K, reserved 1134592K
  class space    used 12495K, capacity 13288K, committed 13344K, reserved 1048576K
Event: 217,477 GC heap after
Heap after GC invocations=15 (full 3):
 PSYoungGen      total 656896K, used 21499K [0x00000000d5580000, 0x0000000100000000, 0x0000000100000000)
  eden space 614400K, 0% used [0x00000000d5580000,0x00000000d5580000,0x00000000fad80000)
  from space 42496K, 50% used [0x00000000fd680000,0x00000000feb7ef58,0x0000000100000000)
  to   space 41984K, 0% used [0x00000000fad80000,0x00000000fad80000,0x00000000fd680000)
 ParOldGen       total 103936K, used 103644K [0x0000000080000000, 0x0000000086580000, 0x00000000d5580000)
  object space 103936K, 99% used [0x0000000080000000,0x0000000086537398,0x0000000086580000)
 Metaspace       used 94325K, capacity 98472K, committed 98584K, reserved 1134592K
  class space    used 12495K, capacity 13288K, committed 13344K, reserved 1048576K
}
Event: 217,478 GC heap before
{Heap before GC invocations=16 (full 4):
 PSYoungGen      total 656896K, used 21499K [0x00000000d5580000, 0x0000000100000000, 0x0000000100000000)
  eden space 614400K, 0% used [0x00000000d5580000,0x00000000d5580000,0x00000000fad80000)
  from space 42496K, 50% used [0x00000000fd680000,0x00000000feb7ef58,0x0000000100000000)
  to   space 41984K, 0% used [0x00000000fad80000,0x00000000fad80000,0x00000000fd680000)
 ParOldGen       total 103936K, used 103644K [0x0000000080000000, 0x0000000086580000, 0x00000000d5580000)
  object space 103936K, 99% used [0x0000000080000000,0x0000000086537398,0x0000000086580000)
 Metaspace       used 94325K, capacity 98472K, committed 98584K, reserved 1134592K
  class space    used 12495K, capacity 13288K, committed 13344K, reserved 1048576K
Event: 218,171 GC heap after
Heap after GC invocations=16 (full 4):
 PSYoungGen      total 656896K, used 0K [0x00000000d5580000, 0x0000000100000000, 0x0000000100000000)
  eden space 614400K, 0% used [0x00000000d5580000,0x00000000d5580000,0x00000000fad80000)
  from space 42496K, 0% used [0x00000000fd680000,0x00000000fd680000,0x0000000100000000)
  to   space 41984K, 0% used [0x00000000fad80000,0x00000000fad80000,0x00000000fd680000)
 ParOldGen       total 194560K, used 94257K [0x0000000080000000, 0x000000008be00000, 0x00000000d5580000)
  object space 194560K, 48% used [0x0000000080000000,0x0000000085c0c4e8,0x000000008be00000)
 Metaspace       used 94157K, capacity 98020K, committed 98584K, reserved 1134592K
  class space    used 12443K, capacity 13196K, committed 13344K, reserved 1048576K
}

